[debug] [2023-04-09T07:15:17.596Z] ----------------------------------------------------------------------
[debug] [2023-04-09T07:15:17.599Z] Command:       /Users/sinbeomgi/.nvm/versions/node/v19.6.0/bin/node /Users/sinbeomgi/.nvm/versions/node/v19.6.0/bin/firebase deploy --only hosting
[debug] [2023-04-09T07:15:17.599Z] CLI Version:   11.24.1
[debug] [2023-04-09T07:15:17.599Z] Platform:      darwin
[debug] [2023-04-09T07:15:17.600Z] Node Version:  v19.6.0
[debug] [2023-04-09T07:15:17.600Z] Time:          Sun Apr 09 2023 16:15:17 GMT+0900 (Korean Standard Time)
[debug] [2023-04-09T07:15:17.600Z] ----------------------------------------------------------------------
[debug] 
[debug] [2023-04-09T07:15:17.638Z] > command requires scopes: ["email","openid","https://www.googleapis.com/auth/cloudplatformprojects.readonly","https://www.googleapis.com/auth/firebase","https://www.googleapis.com/auth/cloud-platform"]
[debug] [2023-04-09T07:15:17.639Z] > authorizing via signed-in user (aa187523@gmail.com)
[debug] [2023-04-09T07:15:17.639Z] [iam] checking project review-summary-6b0d6 for permissions ["firebase.projects.get","firebasehosting.sites.update"]
[debug] [2023-04-09T07:15:17.640Z] >>> [apiv2][query] POST https://cloudresourcemanager.googleapis.com/v1/projects/review-summary-6b0d6:testIamPermissions [none]
[debug] [2023-04-09T07:15:17.640Z] >>> [apiv2][(partial)header] POST https://cloudresourcemanager.googleapis.com/v1/projects/review-summary-6b0d6:testIamPermissions x-goog-quota-user=projects/review-summary-6b0d6
[debug] [2023-04-09T07:15:17.640Z] >>> [apiv2][body] POST https://cloudresourcemanager.googleapis.com/v1/projects/review-summary-6b0d6:testIamPermissions {"permissions":["firebase.projects.get","firebasehosting.sites.update"]}
[debug] [2023-04-09T07:15:18.623Z] <<< [apiv2][status] POST https://cloudresourcemanager.googleapis.com/v1/projects/review-summary-6b0d6:testIamPermissions 200
[debug] [2023-04-09T07:15:18.623Z] <<< [apiv2][body] POST https://cloudresourcemanager.googleapis.com/v1/projects/review-summary-6b0d6:testIamPermissions {"permissions":["firebase.projects.get","firebasehosting.sites.update"]}
[debug] [2023-04-09T07:15:18.623Z] >>> [apiv2][query] GET https://firebase.googleapis.com/v1beta1/projects/review-summary-6b0d6 [none]
[debug] [2023-04-09T07:15:19.032Z] <<< [apiv2][status] GET https://firebase.googleapis.com/v1beta1/projects/review-summary-6b0d6 200
[debug] [2023-04-09T07:15:19.033Z] <<< [apiv2][body] GET https://firebase.googleapis.com/v1beta1/projects/review-summary-6b0d6 {"projectId":"review-summary-6b0d6","projectNumber":"540028314807","displayName":"Review Summary","name":"projects/review-summary-6b0d6","resources":{"hostingSite":"review-summary-6b0d6"},"state":"ACTIVE","etag":"1_059745a7-6be1-4142-8d42-30f3e4cb36ce"}
[info] 
[info] === Deploying to 'review-summary-6b0d6'...
[info] 
[info] i  deploying hosting 
[debug] [2023-04-09T07:15:19.035Z] >>> [apiv2][query] POST https://firebasehosting.googleapis.com/v1beta1/projects/-/sites/review-summary-6b0d6/versions [none]
[debug] [2023-04-09T07:15:19.035Z] >>> [apiv2][body] POST https://firebasehosting.googleapis.com/v1beta1/projects/-/sites/review-summary-6b0d6/versions {"status":"CREATED","labels":{"deployment-tool":"cli-firebase"}}
[debug] [2023-04-09T07:15:20.324Z] <<< [apiv2][status] POST https://firebasehosting.googleapis.com/v1beta1/projects/-/sites/review-summary-6b0d6/versions 200
[debug] [2023-04-09T07:15:20.324Z] <<< [apiv2][body] POST https://firebasehosting.googleapis.com/v1beta1/projects/-/sites/review-summary-6b0d6/versions {"name":"projects/540028314807/sites/review-summary-6b0d6/versions/56c46f5174410108","status":"CREATED","config":{},"labels":{"deployment-tool":"cli-firebase"}}
[info] i  hosting[review-summary-6b0d6]: beginning deploy... 
[info] i  hosting[review-summary-6b0d6]: found 62 files in build 
[debug] [2023-04-09T07:15:20.331Z] [hosting] uploading with 200 concurrency
[debug] [2023-04-09T07:15:20.594Z] [hosting] hash cache [YnVpbGQ] stored for 62 files
[debug] [2023-04-09T07:15:20.594Z] [hosting][hash queue][FINAL] {"max":249,"min":3,"avg":12.5,"active":0,"complete":62,"success":62,"errored":0,"retried":0,"total":62,"elapsed":262}
[debug] [2023-04-09T07:15:20.594Z] >>> [apiv2][query] POST https://firebasehosting.googleapis.com/v1beta1/projects/540028314807/sites/review-summary-6b0d6/versions/56c46f5174410108:populateFiles [none]
[debug] [2023-04-09T07:15:20.594Z] >>> [apiv2][body] POST https://firebasehosting.googleapis.com/v1beta1/projects/540028314807/sites/review-summary-6b0d6/versions/56c46f5174410108:populateFiles {"files":{"/asset-manifest.json":"5a4a728b500b8dc1de112f2020064d292948eafc8097912e5a0291a3ffb1332b","/index.html":"197c426e686768632a7b70a29bd35c49968837bd86e61c7eea859a66ff1b204f","/manifest.json":"e429623c3a42869f370c36c8ffe32bd2d40676d80a8c3aa6bde493d3a15a32d5","/assets/asset_icon_appleWatchStrap.png":"b6d31922456c8809af10ca36f27fc6529b8f2d06ac9abe17db52f61c5bff4870","/assets/asset_icon_laptop.png":"952f1721354aa79329aa50eb51bed380888c521c11c58cd565f31f9e3f7fb019","/assets/asset_icon_bluetoothEarphone.png":"0bc7e0e063476b34a63978dc34763d3c7ffa7860001ab69f129b2c0857fcc426","/assets/asset_icon_battery.png":"7f3f5cebc93590e7c2a598fd0cc619e61e615c94a417eb0edf1f5830c357530a","/assets/asset_share.png":"18d15284759bb3931ca65651f4a037d5ecb00b492984a896b24468cd45b538ef","/assets/asset_icon_phoneCase.png":"06182bb638853fdfb698e944b9de24f621cebb92579382f23582487c2e79b4eb","/service-worker.js":"223bee4798bb18282a67d286fe7bb212aa1aaa96cab64c8fe9912d63d6a3e30f","/assets/asset_icon_select.svg":"1df0f56939dd871b575c0a4d2cd8d0906ba68b6d045cf064f09b412acb89e98a","/assets/back_icon.png":"880797a37a7f2a6c57e11be630ed7d384e78c5e67219fad00579400acf4a8251","/assets/shapes.svg":"b21e747ee911c1d3f8179a70c8201320f93c4067017e0defa0640e54a689a06c","/assets/asset_kakao.png":"db3f1c671726b401f10439b7f5a1ad47bc4493b8dd66e2fe89ec328c1875068c","/assets/icon/favicon.png":"b9edaa72317c5b404455737cbdbba4708a016f53ddcf71ac368a0f8a5800c6ef","/static/js/186.2979f3bd.chunk.js":"4c4294b9127d3d9b74a47f2dfbb63a95ecee67844dcd66176adb981e9434c0da","/static/css/main.7d373ed7.css":"8b13c12e4904f9e4b7b4ccda1a7dccc9ff923c5b81e04d0caad28f1ce3d2fd50","/static/js/225.d1b479c2.chunk.js":"5629985ddd7d2cace73d67112009ff4f6ed52c169e668e515107cbd0eba5b7d6","/static/js/186.2979f3bd.chunk.js.LICENSE.txt":"c16b871080c27da1f05e065c5bbd024613c9801004e27d8ae41293240420b0ee","/static/js/225.d1b479c2.chunk.js.map":"c602bf6d79c3b58ab42095dbfc51c8a4229b45acc5302556f313cf61c669cbfb","/static/js/186.2979f3bd.chunk.js.map":"37f911b88587844650a5456580a8197df99d49046b613b7b30d9e292d96edcd7","/static/js/225.d1b479c2.chunk.js.LICENSE.txt":"c16b871080c27da1f05e065c5bbd024613c9801004e27d8ae41293240420b0ee","/static/js/3.218bbfdd.chunk.js.LICENSE.txt":"c16b871080c27da1f05e065c5bbd024613c9801004e27d8ae41293240420b0ee","/static/js/3.218bbfdd.chunk.js":"c429dbec991b5f33be53fb0a4c209a1b509275b4471129690ff0e094853e9712","/assets/logo_small_icon.png":"b9edaa72317c5b404455737cbdbba4708a016f53ddcf71ac368a0f8a5800c6ef","/static/js/344.6c04acd9.chunk.js.LICENSE.txt":"c16b871080c27da1f05e065c5bbd024613c9801004e27d8ae41293240420b0ee","/static/js/344.6c04acd9.chunk.js":"341828f5b14483eea57fb73de4734d0e2ce57850596d4c3b658e30dd37d09a5a","/static/js/372.e29b4a11.chunk.js":"724d88f50738148dc2acabc8a1d3e54a70d9a4194e73537f000bdb80e5dc2425","/static/js/344.6c04acd9.chunk.js.map":"863d8d44d5cac3baf9cb6a4ba4971869b464faf590ca98722ece56e03e18dd21","/static/js/372.e29b4a11.chunk.js.LICENSE.txt":"c16b871080c27da1f05e065c5bbd024613c9801004e27d8ae41293240420b0ee","/static/js/377.2354e1ad.chunk.js":"dcd848480437bc4c4c201758ac425e51f0f952e3d8b687279d9ad9ae35463c3c","/static/js/573.0551c5ef.chunk.js.map":"55058d94d2c8c24020e9d9afd8fdfa241cdaa109748fd7031c0df4c67f51754d","/static/js/573.0551c5ef.chunk.js.LICENSE.txt":"c16b871080c27da1f05e065c5bbd024613c9801004e27d8ae41293240420b0ee","/static/js/573.0551c5ef.chunk.js":"51e7f7ae538684f917df83ea455832e13543967191c08cf1615191ff0e5d43f6","/static/js/377.2354e1ad.chunk.js.map":"d396c52255d494bb38317603800a518aeca67bd26f0a6cb3d86c73ee459a93e4","/static/js/841.f51aa76b.chunk.js":"e8cee11e37af8d7b69fd42ad0efb4af56114084083a11a73943987294eb2d1b0","/static/js/738.a613da62.chunk.js":"704f9199a61c63cf26218e5fc6ce07fbf966ae5ce689564fd8a21109dc413e4c","/static/js/841.f51aa76b.chunk.js.LICENSE.txt":"c16b871080c27da1f05e065c5bbd024613c9801004e27d8ae41293240420b0ee","/static/js/738.a613da62.chunk.js.LICENSE.txt":"c9cc514769a96fe68d85b5f70461743cbc428abb739d50394c059dd6c9fdec83","/assets/logo.png":"d3a50bc6da4bb130653c988f7a05af9260204c89a43083d1b739246bbb2dcecd","/static/js/3.218bbfdd.chunk.js.map":"cb8b7ffdc7b0bf021bd892ad5e928343903938ccc044268e27a4d70cb89c8fd4","/static/js/841.f51aa76b.chunk.js.map":"6ce66a42fb71bee6aa37599976f6a803569f6db4fe3514f7ef3a1b96528ecb25","/static/js/372.e29b4a11.chunk.js.map":"72ac57d9d708182d2417e06bfaa18c813cc3657eaa79769021db324890caf0af","/assets/icon/icon.png":"410c39e038b2eeac19febdae4f5d4587e95854236e269d1e981c48cff992a464","/static/js/738.a613da62.chunk.js.map":"687816a058fc9c56f494ad759ca7b8e09c73093d73d88cfcd56d9fd2a8d8ff06","/static/css/main.7d373ed7.css.map":"c09bb3fa04b170b8fdc076fc07d3ad95226385253351d1e0fbedc178ada4c3b4","/static/js/856.4774f980.chunk.js":"76f88be5b2ff00df1011da35e039e4903cd1cbd922df1b4f06218bd8090bcea0","/static/js/856.4774f980.chunk.js.LICENSE.txt":"c16b871080c27da1f05e065c5bbd024613c9801004e27d8ae41293240420b0ee","/static/js/856.4774f980.chunk.js.map":"9b66a90098bc8bfddde1c3e7aaed6065b8ad0d281f4963a50d4a0ae9d4d7da29","/static/js/862.c03158d5.chunk.js":"08d605540c6573e9d987bf0d468b29b8b1716e28570ff96c851a67fba2ba8b30","/static/js/862.c03158d5.chunk.js.LICENSE.txt":"c16b871080c27da1f05e065c5bbd024613c9801004e27d8ae41293240420b0ee","/static/js/862.c03158d5.chunk.js.map":"5a5f9463d988baf5a634eda4311fc37b883b1c180b03a0ab3c5b47b1612954f3","/static/js/883.ee30d0d2.chunk.js.LICENSE.txt":"c16b871080c27da1f05e065c5bbd024613c9801004e27d8ae41293240420b0ee","/static/js/main.a1cfaf37.js.LICENSE.txt":"16ce5608ef02dd1196193c4664d22a8f5650aff599fb31f59835814eed1567d2","/static/js/883.ee30d0d2.chunk.js":"d46dc0575f262d9812d15f52a41197104612bce2e854696a4be2a21ae53c9c21","/static/js/883.ee30d0d2.chunk.js.map":"16a37b91d60e9616994a5ce534d1da677e4140bfda915668384738bd114ca0de","/service-worker.js.map":"f118af01e65a7ab3bbad8b32e893afab20eb23a837a52dc6b8ac37e1c417e371","/assets/main_phone.png":"f5c35bf36cb973a56cbd0d2ed6818676463d6cc2f19fcec702aab3a7d2b3093f","/static/js/main.a1cfaf37.js":"ebd6e81bdf8f3bd1594deafa782165927aff3047cb3b52e055d4a3a199a3777f","/assets/main_imgbox_1.png":"921263f0d598422031c5490a4f45d198733e5daf0261a11cc1dbdec3839031ec","/assets/main_imgbox_2.png":"fcf02949f85ccea4812e95b35357269a6d3028c7454bc3bfeb6c351f4491e824","/static/js/main.a1cfaf37.js.map":"1420f7d6d82a57a887988e5f6f78e0c7f7f40669fecc6d7ed691ca174ce8df67"}}
[debug] [2023-04-09T07:15:22.258Z] <<< [apiv2][status] POST https://firebasehosting.googleapis.com/v1beta1/projects/540028314807/sites/review-summary-6b0d6/versions/56c46f5174410108:populateFiles 200
[debug] [2023-04-09T07:15:22.258Z] <<< [apiv2][body] POST https://firebasehosting.googleapis.com/v1beta1/projects/540028314807/sites/review-summary-6b0d6/versions/56c46f5174410108:populateFiles {"uploadRequiredHashes":["5a4a728b500b8dc1de112f2020064d292948eafc8097912e5a0291a3ffb1332b","223bee4798bb18282a67d286fe7bb212aa1aaa96cab64c8fe9912d63d6a3e30f","c09bb3fa04b170b8fdc076fc07d3ad95226385253351d1e0fbedc178ada4c3b4","8b13c12e4904f9e4b7b4ccda1a7dccc9ff923c5b81e04d0caad28f1ce3d2fd50","ebd6e81bdf8f3bd1594deafa782165927aff3047cb3b52e055d4a3a199a3777f","1420f7d6d82a57a887988e5f6f78e0c7f7f40669fecc6d7ed691ca174ce8df67","197c426e686768632a7b70a29bd35c49968837bd86e61c7eea859a66ff1b204f"],"uploadUrl":"https://upload-firebasehosting.googleapis.com/upload/sites/review-summary-6b0d6/versions/56c46f5174410108/files"}
[debug] [2023-04-09T07:15:22.259Z] >>> [apiv2][query] POST https://upload-firebasehosting.googleapis.com/upload/sites/review-summary-6b0d6/versions/56c46f5174410108/files/5a4a728b500b8dc1de112f2020064d292948eafc8097912e5a0291a3ffb1332b [none]
[debug] [2023-04-09T07:15:22.259Z] >>> [apiv2][body] POST https://upload-firebasehosting.googleapis.com/upload/sites/review-summary-6b0d6/versions/56c46f5174410108/files/5a4a728b500b8dc1de112f2020064d292948eafc8097912e5a0291a3ffb1332b [stream]
[debug] [2023-04-09T07:15:22.260Z] >>> [apiv2][query] POST https://upload-firebasehosting.googleapis.com/upload/sites/review-summary-6b0d6/versions/56c46f5174410108/files/223bee4798bb18282a67d286fe7bb212aa1aaa96cab64c8fe9912d63d6a3e30f [none]
[debug] [2023-04-09T07:15:22.260Z] >>> [apiv2][body] POST https://upload-firebasehosting.googleapis.com/upload/sites/review-summary-6b0d6/versions/56c46f5174410108/files/223bee4798bb18282a67d286fe7bb212aa1aaa96cab64c8fe9912d63d6a3e30f [stream]
[debug] [2023-04-09T07:15:22.260Z] >>> [apiv2][query] POST https://upload-firebasehosting.googleapis.com/upload/sites/review-summary-6b0d6/versions/56c46f5174410108/files/c09bb3fa04b170b8fdc076fc07d3ad95226385253351d1e0fbedc178ada4c3b4 [none]
[debug] [2023-04-09T07:15:22.260Z] >>> [apiv2][body] POST https://upload-firebasehosting.googleapis.com/upload/sites/review-summary-6b0d6/versions/56c46f5174410108/files/c09bb3fa04b170b8fdc076fc07d3ad95226385253351d1e0fbedc178ada4c3b4 [stream]
[debug] [2023-04-09T07:15:22.260Z] >>> [apiv2][query] POST https://upload-firebasehosting.googleapis.com/upload/sites/review-summary-6b0d6/versions/56c46f5174410108/files/8b13c12e4904f9e4b7b4ccda1a7dccc9ff923c5b81e04d0caad28f1ce3d2fd50 [none]
[debug] [2023-04-09T07:15:22.260Z] >>> [apiv2][body] POST https://upload-firebasehosting.googleapis.com/upload/sites/review-summary-6b0d6/versions/56c46f5174410108/files/8b13c12e4904f9e4b7b4ccda1a7dccc9ff923c5b81e04d0caad28f1ce3d2fd50 [stream]
[debug] [2023-04-09T07:15:22.261Z] >>> [apiv2][query] POST https://upload-firebasehosting.googleapis.com/upload/sites/review-summary-6b0d6/versions/56c46f5174410108/files/ebd6e81bdf8f3bd1594deafa782165927aff3047cb3b52e055d4a3a199a3777f [none]
[debug] [2023-04-09T07:15:22.261Z] >>> [apiv2][body] POST https://upload-firebasehosting.googleapis.com/upload/sites/review-summary-6b0d6/versions/56c46f5174410108/files/ebd6e81bdf8f3bd1594deafa782165927aff3047cb3b52e055d4a3a199a3777f [stream]
[debug] [2023-04-09T07:15:22.261Z] >>> [apiv2][query] POST https://upload-firebasehosting.googleapis.com/upload/sites/review-summary-6b0d6/versions/56c46f5174410108/files/1420f7d6d82a57a887988e5f6f78e0c7f7f40669fecc6d7ed691ca174ce8df67 [none]
[debug] [2023-04-09T07:15:22.261Z] >>> [apiv2][body] POST https://upload-firebasehosting.googleapis.com/upload/sites/review-summary-6b0d6/versions/56c46f5174410108/files/1420f7d6d82a57a887988e5f6f78e0c7f7f40669fecc6d7ed691ca174ce8df67 [stream]
[debug] [2023-04-09T07:15:22.262Z] >>> [apiv2][query] POST https://upload-firebasehosting.googleapis.com/upload/sites/review-summary-6b0d6/versions/56c46f5174410108/files/197c426e686768632a7b70a29bd35c49968837bd86e61c7eea859a66ff1b204f [none]
[debug] [2023-04-09T07:15:22.262Z] >>> [apiv2][body] POST https://upload-firebasehosting.googleapis.com/upload/sites/review-summary-6b0d6/versions/56c46f5174410108/files/197c426e686768632a7b70a29bd35c49968837bd86e61c7eea859a66ff1b204f [stream]
[debug] [2023-04-09T07:15:22.263Z] [hosting][populate queue][FINAL] {"max":1668,"min":1668,"avg":1668,"active":0,"complete":1,"success":1,"errored":0,"retried":0,"total":1,"elapsed":1672}
[debug] [2023-04-09T07:15:22.263Z] [hosting] uploads queued: 7
[debug] [2023-04-09T07:15:24.184Z] <<< [apiv2][status] POST https://upload-firebasehosting.googleapis.com/upload/sites/review-summary-6b0d6/versions/56c46f5174410108/files/223bee4798bb18282a67d286fe7bb212aa1aaa96cab64c8fe9912d63d6a3e30f 200
[debug] [2023-04-09T07:15:24.184Z] <<< [apiv2][body] POST https://upload-firebasehosting.googleapis.com/upload/sites/review-summary-6b0d6/versions/56c46f5174410108/files/223bee4798bb18282a67d286fe7bb212aa1aaa96cab64c8fe9912d63d6a3e30f [stream]
[debug] [2023-04-09T07:15:24.651Z] <<< [apiv2][status] POST https://upload-firebasehosting.googleapis.com/upload/sites/review-summary-6b0d6/versions/56c46f5174410108/files/c09bb3fa04b170b8fdc076fc07d3ad95226385253351d1e0fbedc178ada4c3b4 200
[debug] [2023-04-09T07:15:24.652Z] <<< [apiv2][body] POST https://upload-firebasehosting.googleapis.com/upload/sites/review-summary-6b0d6/versions/56c46f5174410108/files/c09bb3fa04b170b8fdc076fc07d3ad95226385253351d1e0fbedc178ada4c3b4 [stream]
[debug] [2023-04-09T07:15:24.701Z] <<< [apiv2][status] POST https://upload-firebasehosting.googleapis.com/upload/sites/review-summary-6b0d6/versions/56c46f5174410108/files/8b13c12e4904f9e4b7b4ccda1a7dccc9ff923c5b81e04d0caad28f1ce3d2fd50 200
[debug] [2023-04-09T07:15:24.701Z] <<< [apiv2][body] POST https://upload-firebasehosting.googleapis.com/upload/sites/review-summary-6b0d6/versions/56c46f5174410108/files/8b13c12e4904f9e4b7b4ccda1a7dccc9ff923c5b81e04d0caad28f1ce3d2fd50 [stream]
[debug] [2023-04-09T07:15:25.173Z] <<< [apiv2][status] POST https://upload-firebasehosting.googleapis.com/upload/sites/review-summary-6b0d6/versions/56c46f5174410108/files/5a4a728b500b8dc1de112f2020064d292948eafc8097912e5a0291a3ffb1332b 200
[debug] [2023-04-09T07:15:25.173Z] <<< [apiv2][body] POST https://upload-firebasehosting.googleapis.com/upload/sites/review-summary-6b0d6/versions/56c46f5174410108/files/5a4a728b500b8dc1de112f2020064d292948eafc8097912e5a0291a3ffb1332b [stream]
[debug] [2023-04-09T07:15:25.541Z] <<< [apiv2][status] POST https://upload-firebasehosting.googleapis.com/upload/sites/review-summary-6b0d6/versions/56c46f5174410108/files/197c426e686768632a7b70a29bd35c49968837bd86e61c7eea859a66ff1b204f 200
[debug] [2023-04-09T07:15:25.541Z] <<< [apiv2][body] POST https://upload-firebasehosting.googleapis.com/upload/sites/review-summary-6b0d6/versions/56c46f5174410108/files/197c426e686768632a7b70a29bd35c49968837bd86e61c7eea859a66ff1b204f [stream]
[debug] [2023-04-09T07:15:25.643Z] <<< [apiv2][status] POST https://upload-firebasehosting.googleapis.com/upload/sites/review-summary-6b0d6/versions/56c46f5174410108/files/ebd6e81bdf8f3bd1594deafa782165927aff3047cb3b52e055d4a3a199a3777f 200
[debug] [2023-04-09T07:15:25.643Z] <<< [apiv2][body] POST https://upload-firebasehosting.googleapis.com/upload/sites/review-summary-6b0d6/versions/56c46f5174410108/files/ebd6e81bdf8f3bd1594deafa782165927aff3047cb3b52e055d4a3a199a3777f [stream]
[debug] [2023-04-09T07:15:26.048Z] <<< [apiv2][status] POST https://upload-firebasehosting.googleapis.com/upload/sites/review-summary-6b0d6/versions/56c46f5174410108/files/1420f7d6d82a57a887988e5f6f78e0c7f7f40669fecc6d7ed691ca174ce8df67 200
[debug] [2023-04-09T07:15:26.048Z] <<< [apiv2][body] POST https://upload-firebasehosting.googleapis.com/upload/sites/review-summary-6b0d6/versions/56c46f5174410108/files/1420f7d6d82a57a887988e5f6f78e0c7f7f40669fecc6d7ed691ca174ce8df67 [stream]
[debug] [2023-04-09T07:15:26.048Z] [hosting][upload queue][FINAL] {"max":3789,"min":1925,"avg":2875.714285714286,"active":0,"complete":7,"success":7,"errored":0,"retried":0,"total":7,"elapsed":3790}
[info] ✔  hosting[review-summary-6b0d6]: file upload complete 
[debug] [2023-04-09T07:15:26.049Z] [hosting] deploy completed after 5724ms
[debug] [2023-04-09T07:15:26.050Z] [
  {
    "config": {
      "public": "build",
      "ignore": [
        "firebase.json",
        "**/.*",
        "**/node_modules/**"
      ],
      "rewrites": [
        {
          "source": "**",
          "destination": "/index.html"
        }
      ],
      "site": "review-summary-6b0d6"
    },
    "version": "projects/540028314807/sites/review-summary-6b0d6/versions/56c46f5174410108"
  }
]
[info] i  hosting[review-summary-6b0d6]: finalizing version... 
[debug] [2023-04-09T07:15:26.051Z] >>> [apiv2][query] PATCH https://firebasehosting.googleapis.com/v1beta1/projects/-/sites/review-summary-6b0d6/versions/56c46f5174410108 updateMask=status%2Cconfig
[debug] [2023-04-09T07:15:26.051Z] >>> [apiv2][body] PATCH https://firebasehosting.googleapis.com/v1beta1/projects/-/sites/review-summary-6b0d6/versions/56c46f5174410108 {"status":"FINALIZED","config":{"rewrites":[{"glob":"**","path":"/index.html"}]}}
[debug] [2023-04-09T07:15:26.736Z] <<< [apiv2][status] PATCH https://firebasehosting.googleapis.com/v1beta1/projects/-/sites/review-summary-6b0d6/versions/56c46f5174410108 200
[debug] [2023-04-09T07:15:26.736Z] <<< [apiv2][body] PATCH https://firebasehosting.googleapis.com/v1beta1/projects/-/sites/review-summary-6b0d6/versions/56c46f5174410108 {"name":"projects/540028314807/sites/review-summary-6b0d6/versions/56c46f5174410108","status":"FINALIZED","config":{"rewrites":[{"glob":"**","path":"/index.html"}]},"labels":{"deployment-tool":"cli-firebase"},"createTime":"2023-04-09T07:15:19.605564Z","createUser":{"email":"aa187523@gmail.com"},"finalizeTime":"2023-04-09T07:15:26.538252Z","finalizeUser":{"email":"aa187523@gmail.com"}}
[debug] [2023-04-09T07:15:26.736Z] [hosting] finalized version for review-summary-6b0d6:[object Object]
[info] ✔  hosting[review-summary-6b0d6]: version finalized 
[info] i  hosting[review-summary-6b0d6]: releasing new version... 
[debug] [2023-04-09T07:15:26.737Z] >>> [apiv2][query] POST https://firebasehosting.googleapis.com/v1beta1/projects/-/sites/review-summary-6b0d6/channels/live/releases versionName=projects%2F540028314807%2Fsites%2Freview-summary-6b0d6%2Fversions%2F56c46f5174410108
[debug] [2023-04-09T07:15:26.737Z] >>> [apiv2][body] POST https://firebasehosting.googleapis.com/v1beta1/projects/-/sites/review-summary-6b0d6/channels/live/releases {}
